  OpenGL_4_Application_VS2015.cpp
D:\UTCN\A3\A3S1\PG\OpenGL_4_Application_VS2015\OpenGL_4_Application_VS2015\OpenGL_4_Application_VS2015.cpp(78,18): warning C4305: '+=': truncation from 'double' to 'float'
D:\UTCN\A3\A3S1\PG\OpenGL_4_Application_VS2015\OpenGL_4_Application_VS2015\OpenGL_4_Application_VS2015.cpp(82,18): warning C4305: '-=': truncation from 'double' to 'float'
D:\UTCN\A3\A3S1\PG\OpenGL_4_Application_VS2015\OpenGL_4_Application_VS2015\OpenGL_4_Application_VS2015.cpp(103,23): warning C4305: '-=': truncation from 'double' to 'T'
          with
          [
              T=float
          ]
D:\UTCN\A3\A3S1\PG\OpenGL_4_Application_VS2015\OpenGL_4_Application_VS2015\OpenGL_4_Application_VS2015.cpp(104,21): warning C4305: '-=': truncation from 'double' to 'T'
          with
          [
              T=float
          ]
D:\UTCN\A3\A3S1\PG\OpenGL_4_Application_VS2015\OpenGL_4_Application_VS2015\OpenGL_4_Application_VS2015.cpp(107,23): warning C4305: '+=': truncation from 'double' to 'T'
          with
          [
              T=float
          ]
D:\UTCN\A3\A3S1\PG\OpenGL_4_Application_VS2015\OpenGL_4_Application_VS2015\OpenGL_4_Application_VS2015.cpp(108,21): warning C4305: '+=': truncation from 'double' to 'T'
          with
          [
              T=float
          ]
D:\UTCN\A3\A3S1\PG\OpenGL_4_Application_VS2015\OpenGL_4_Application_VS2015\OpenGL_4_Application_VS2015.cpp(241,33): warning C4305: 'argument': truncation from 'double' to 'GLclampf'
  OpenGL_4_Application_VS2015.vcxproj -> D:\UTCN\A3\A3S1\PG\OpenGL_4_Application_VS2015\Debug\OpenGL_4_Application_VS2015.exe
